// 重构日志: 84ba734d
// 同步 ID: c7681dc1 @ Sat Jul 11 07:46:52 UTC 2026
// 重构日志: a0f2f835
// 重构日志: 0b6541c6
// 重构日志: a1b8a32b
// 重构日志: f7da8d58
// 重构日志: a8e12a8c
// 重构日志: 677f75db
// 同步 ID: f771be95 @ Sun Jul 12 14:21:14 UTC 2026
// 同步 ID: d715617c @ Mon Jul 13 05:44:40 UTC 2026
// 重构日志: c4eae4b9
// 重构日志: 64b7f9a9
// 重构日志: e9862874
// 重构日志: 5081b14d
// 重构日志: 50872eae
// 同步 ID: bf89c1c4 @ Thu Jul 16 10:33:52 UTC 2026
// 同步 ID: fd8d032b @ Fri Jul 17 16:48:32 UTC 2026
// 重构日志: 30dd41d0
// 重构日志: 9d54be3b
// 重构日志: 8bbd3156
// 重构日志: a50c31e7
// 重构日志: 6527822f
// 重构日志: 0fdd3661
// 重构日志: 7477d941
// 重构日志: 3c89513c
// 重构日志: ba182bf8
// 同步 ID: 8dce8e39 @ Tue Jul 21 15:29:26 UTC 2026
// 重构日志: dd832076
// 同步 ID: 04fdd843 @ Wed Jul 22 01:20:33 UTC 2026
// 同步 ID: 4b2081a9 @ Wed Jul 22 05:35:30 UTC 2026
// 重构日志: a45d5830
// 重构日志: 24b780f8
